<?xml version="1.0" encoding="UTF-8"?>
<!-- Generated by org.testng.reporters.JUnitReportReporter -->
<testsuite hostname="DESKTOP-QF2NLOT" failures="0" tests="10" name="Testcase.Testcases" time="246.166" errors="0" timestamp="2025-07-02T06:12:57 PDT" skipped="0">
  <testcase classname="Testcase.Testcases" name="testLogin" time="14.572"/>
  <testcase classname="Testcase.Testcases" name="testChangePassword" time="19.254"/>
  <testcase classname="Testcase.Testcases" name="testEditProfile" time="13.105"/>
  <testcase classname="Testcase.Testcases" name="testFutureBooking" time="35.237"/>
  <testcase classname="Testcase.Testcases" name="testPastBooking" time="19.069"/>
  <testcase classname="Testcase.Testcases" name="testF2FNonSpokenBooking" time="21.512"/>
  <testcase classname="Testcase.Testcases" name="testF2FSpokenBooking" time="44.824"/>
  <testcase classname="Testcase.Testcases" name="testTelephoneBooking" time="25.202"/>
  <testcase classname="Testcase.Testcases" name="testVideoSpokenBooking" time="39.422"/>
  <testcase classname="Testcase.Testcases" name="testLogout" time="13.969"/>
</testsuite> <!-- Testcase.Testcases -->
